2018-02-07T15:01:25+00:00 INFO Queuing 3.3.0 - wc_update_330_image_options
2018-02-07T15:01:25+00:00 INFO Queuing 3.3.0 - wc_update_330_webhooks
2018-02-07T15:01:25+00:00 INFO Queuing 3.3.0 - wc_update_330_product_stock_status
2018-02-07T15:01:25+00:00 INFO Queuing 3.3.0 - wc_update_330_set_default_product_cat
2018-02-07T15:01:25+00:00 INFO Queuing 3.3.0 - wc_update_330_clear_transients
2018-02-07T15:01:25+00:00 INFO Queuing 3.3.0 - wc_update_330_set_paypal_sandbox_credentials
2018-02-07T15:01:25+00:00 INFO Queuing 3.3.0 - wc_update_330_db_version
2018-02-07T15:01:26+00:00 INFO Running wc_update_330_image_options callback
2018-02-07T15:01:26+00:00 INFO Finished wc_update_330_image_options callback
2018-02-07T15:01:26+00:00 INFO Running wc_update_330_webhooks callback
2018-02-07T15:01:26+00:00 INFO Finished wc_update_330_webhooks callback
2018-02-07T15:01:26+00:00 INFO Running wc_update_330_product_stock_status callback
2018-02-07T15:01:26+00:00 INFO Finished wc_update_330_product_stock_status callback
2018-02-07T15:01:26+00:00 INFO Running wc_update_330_set_default_product_cat callback
2018-02-07T15:01:26+00:00 INFO Finished wc_update_330_set_default_product_cat callback
2018-02-07T15:01:26+00:00 INFO Running wc_update_330_clear_transients callback
2018-02-07T15:01:26+00:00 INFO Finished wc_update_330_clear_transients callback
2018-02-07T15:01:26+00:00 INFO Running wc_update_330_set_paypal_sandbox_credentials callback
2018-02-07T15:01:26+00:00 INFO Finished wc_update_330_set_paypal_sandbox_credentials callback
2018-02-07T15:01:26+00:00 INFO Running wc_update_330_db_version callback
2018-02-07T15:01:26+00:00 INFO Finished wc_update_330_db_version callback
2018-02-07T15:01:27+00:00 INFO Data update complete
2018-02-10T23:29:35+00:00 INFO Queuing 3.3.0 - wc_update_330_image_options
2018-02-10T23:29:35+00:00 INFO Queuing 3.3.0 - wc_update_330_webhooks
2018-02-10T23:29:35+00:00 INFO Queuing 3.3.0 - wc_update_330_product_stock_status
2018-02-10T23:29:35+00:00 INFO Queuing 3.3.0 - wc_update_330_set_default_product_cat
2018-02-10T23:29:35+00:00 INFO Queuing 3.3.0 - wc_update_330_clear_transients
2018-02-10T23:29:35+00:00 INFO Queuing 3.3.0 - wc_update_330_set_paypal_sandbox_credentials
2018-02-10T23:29:35+00:00 INFO Queuing 3.3.0 - wc_update_330_db_version
2018-02-10T23:29:36+00:00 INFO Running wc_update_330_image_options callback
2018-02-10T23:29:36+00:00 INFO Finished wc_update_330_image_options callback
2018-02-10T23:29:36+00:00 INFO Running wc_update_330_webhooks callback
2018-02-10T23:29:36+00:00 INFO Finished wc_update_330_webhooks callback
2018-02-10T23:29:36+00:00 INFO Running wc_update_330_product_stock_status callback
2018-02-10T23:29:36+00:00 INFO Finished wc_update_330_product_stock_status callback
2018-02-10T23:29:36+00:00 INFO Running wc_update_330_set_default_product_cat callback
2018-02-10T23:29:37+00:00 INFO Finished wc_update_330_set_default_product_cat callback
2018-02-10T23:29:37+00:00 INFO Running wc_update_330_clear_transients callback
2018-02-10T23:29:37+00:00 INFO Finished wc_update_330_clear_transients callback
2018-02-10T23:29:37+00:00 INFO Running wc_update_330_set_paypal_sandbox_credentials callback
2018-02-10T23:29:37+00:00 INFO Finished wc_update_330_set_paypal_sandbox_credentials callback
2018-02-10T23:29:37+00:00 INFO Running wc_update_330_db_version callback
2018-02-10T23:29:37+00:00 INFO Finished wc_update_330_db_version callback
2018-02-10T23:29:37+00:00 INFO Data update complete
